<?xml version="1.0" encoding="UTF-8"?>
<testsuites>
  <testsuite name="" tests="12" assertions="35" errors="0" warnings="0" failures="0" skipped="0" time="5.436647">
    <testsuite name="Project Test Suite" tests="12" assertions="35" errors="0" warnings="0" failures="0" skipped="0" time="5.436647">
      <testsuite name="App\Tests\Functional\GuestsTest" file="E:\wamp64\www\inazoui\tests\Functional\GuestsTest.php" tests="4" assertions="10" errors="0" warnings="0" failures="0" skipped="0" time="4.994985">
        <testcase name="testGuests" class="App\Tests\Functional\GuestsTest" classname="App.Tests.Functional.GuestsTest" file="E:\wamp64\www\inazoui\tests\Functional\GuestsTest.php" line="9" assertions="4" time="4.463469"/>
        <testcase name="testPaginationWorks" class="App\Tests\Functional\GuestsTest" classname="App.Tests.Functional.GuestsTest" file="E:\wamp64\www\inazoui\tests\Functional\GuestsTest.php" line="25" assertions="2" time="0.072625"/>
        <testcase name="testInviteDetailPage" class="App\Tests\Functional\GuestsTest" classname="App.Tests.Functional.GuestsTest" file="E:\wamp64\www\inazoui\tests\Functional\GuestsTest.php" line="37" assertions="3" time="0.025477"/>
        <testcase name="testInviteNotFound" class="App\Tests\Functional\GuestsTest" classname="App.Tests.Functional.GuestsTest" file="E:\wamp64\www\inazoui\tests\Functional\GuestsTest.php" line="48" assertions="1" time="0.433414"/>
      </testsuite>
      <testsuite name="App\Tests\Functional\HomePageTest" file="E:\wamp64\www\inazoui\tests\Functional\HomePageTest.php" tests="1" assertions="3" errors="0" warnings="0" failures="0" skipped="0" time="0.022225">
        <testcase name="testHomePage" class="App\Tests\Functional\HomePageTest" classname="App.Tests.Functional.HomePageTest" file="E:\wamp64\www\inazoui\tests\Functional\HomePageTest.php" line="9" assertions="3" time="0.022225"/>
      </testsuite>
      <testsuite name="App\Tests\Functional\LoginTest" file="E:\wamp64\www\inazoui\tests\Functional\LoginTest.php" tests="1" assertions="4" errors="0" warnings="0" failures="0" skipped="0" time="0.144016">
        <testcase name="testLogin" class="App\Tests\Functional\LoginTest" classname="App.Tests.Functional.LoginTest" file="E:\wamp64\www\inazoui\tests\Functional\LoginTest.php" line="11" assertions="4" time="0.144016"/>
      </testsuite>
      <testsuite name="App\Tests\Functional\MediasTest" file="E:\wamp64\www\inazoui\tests\Functional\MediasTest.php" tests="2" assertions="5" errors="0" warnings="0" failures="0" skipped="0" time="0.149058">
        <testcase name="testMedias" class="App\Tests\Functional\MediasTest" classname="App.Tests.Functional.MediasTest" file="E:\wamp64\www\inazoui\tests\Functional\MediasTest.php" line="9" assertions="4" time="0.111077"/>
        <testcase name="testMediaInAlbum" class="App\Tests\Functional\MediasTest" classname="App.Tests.Functional.MediasTest" file="E:\wamp64\www\inazoui\tests\Functional\MediasTest.php" line="22" assertions="1" time="0.037980"/>
      </testsuite>
      <testsuite name="App\Tests\Functional\MenuTest" file="E:\wamp64\www\inazoui\tests\Functional\MenuTest.php" tests="1" assertions="1" errors="0" warnings="0" failures="0" skipped="0" time="0.123710">
        <testcase name="testMenu" class="App\Tests\Functional\MenuTest" classname="App.Tests.Functional.MenuTest" file="E:\wamp64\www\inazoui\tests\Functional\MenuTest.php" line="9" assertions="1" time="0.123710"/>
      </testsuite>
      <testsuite name="App\Tests\Unit\AlbumTest" file="E:\wamp64\www\inazoui\tests\Unit\AlbumTest.php" tests="1" assertions="1" errors="0" warnings="0" failures="0" skipped="0" time="0.000901">
        <testcase name="testAlbum" class="App\Tests\Unit\AlbumTest" classname="App.Tests.Unit.AlbumTest" file="E:\wamp64\www\inazoui\tests\Unit\AlbumTest.php" line="11" assertions="1" time="0.000901"/>
      </testsuite>
      <testsuite name="App\Tests\Unit\MediaTest" file="E:\wamp64\www\inazoui\tests\Unit\MediaTest.php" tests="1" assertions="4" errors="0" warnings="0" failures="0" skipped="0" time="0.000594">
        <testcase name="testMedia" class="App\Tests\Unit\MediaTest" classname="App.Tests.Unit.MediaTest" file="E:\wamp64\www\inazoui\tests\Unit\MediaTest.php" line="13" assertions="4" time="0.000594"/>
      </testsuite>
      <testsuite name="App\Tests\Unit\UserTest" file="E:\wamp64\www\inazoui\tests\Unit\UserTest.php" tests="1" assertions="7" errors="0" warnings="0" failures="0" skipped="0" time="0.001157">
        <testcase name="testUserProperties" class="App\Tests\Unit\UserTest" classname="App.Tests.Unit.UserTest" file="E:\wamp64\www\inazoui\tests\Unit\UserTest.php" line="12" assertions="7" time="0.001157"/>
      </testsuite>
    </testsuite>
  </testsuite>
</testsuites>
